Analysis & Synthesis report for top_calc
Mon Nov 18 15:07:21 2019
Quartus II 32-bit Version 13.0.1 Build 232 06/12/2013 Service Pack 1 SJ Web Edition


---------------------
; Table of Contents ;
---------------------
  1. Legal Notice
  2. Analysis & Synthesis Summary
  3. Analysis & Synthesis Settings
  4. Parallel Compilation
  5. Analysis & Synthesis Source Files Read
  6. Analysis & Synthesis Resource Usage Summary
  7. Analysis & Synthesis Resource Utilization by Entity
  8. State Machine - |top_calc|FSMctrl:L0|EA
  9. User-Specified and Inferred Latches
 10. General Register Statistics
 11. Multiplexer Restructuring Statistics (Restructuring Performed)
 12. Elapsed Time Per Partition
 13. Analysis & Synthesis Messages



----------------
; Legal Notice ;
----------------
Copyright (C) 1991-2013 Altera Corporation
Your use of Altera Corporation's design tools, logic functions 
and other software and tools, and its AMPP partner logic 
functions, and any output files from any of the foregoing 
(including device programming or simulation files), and any 
associated documentation or information are expressly subject 
to the terms and conditions of the Altera Program License 
Subscription Agreement, Altera MegaCore Function License 
Agreement, or other applicable license agreement, including, 
without limitation, that your use is for the sole purpose of 
programming logic devices manufactured by Altera and sold by 
Altera or its authorized distributors.  Please refer to the 
applicable agreement for further details.



+--------------------------------------------------------------------------------------+
; Analysis & Synthesis Summary                                                         ;
+------------------------------------+-------------------------------------------------+
; Analysis & Synthesis Status        ; Successful - Mon Nov 18 15:07:21 2019           ;
; Quartus II 32-bit Version          ; 13.0.1 Build 232 06/12/2013 SP 1 SJ Web Edition ;
; Revision Name                      ; top_calc                                        ;
; Top-level Entity Name              ; top_calc                                        ;
; Family                             ; Cyclone IV E                                    ;
; Total logic elements               ; 69                                              ;
;     Total combinational functions  ; 53                                              ;
;     Dedicated logic registers      ; 32                                              ;
; Total registers                    ; 32                                              ;
; Total pins                         ; 73                                              ;
; Total virtual pins                 ; 0                                               ;
; Total memory bits                  ; 0                                               ;
; Embedded Multiplier 9-bit elements ; 0                                               ;
; Total PLLs                         ; 0                                               ;
+------------------------------------+-------------------------------------------------+


+----------------------------------------------------------------------------------------------------------------------+
; Analysis & Synthesis Settings                                                                                        ;
+----------------------------------------------------------------------------+--------------------+--------------------+
; Option                                                                     ; Setting            ; Default Value      ;
+----------------------------------------------------------------------------+--------------------+--------------------+
; Device                                                                     ; EP4CE115F29C7      ;                    ;
; Top-level entity name                                                      ; top_calc           ; top_calc           ;
; Family name                                                                ; Cyclone IV E       ; Cyclone IV GX      ;
; Use smart compilation                                                      ; Off                ; Off                ;
; Enable parallel Assembler and TimeQuest Timing Analyzer during compilation ; On                 ; On                 ;
; Enable compact report table                                                ; Off                ; Off                ;
; Restructure Multiplexers                                                   ; Auto               ; Auto               ;
; Create Debugging Nodes for IP Cores                                        ; Off                ; Off                ;
; Preserve fewer node names                                                  ; On                 ; On                 ;
; Disable OpenCore Plus hardware evaluation                                  ; Off                ; Off                ;
; Verilog Version                                                            ; Verilog_2001       ; Verilog_2001       ;
; VHDL Version                                                               ; VHDL_1993          ; VHDL_1993          ;
; State Machine Processing                                                   ; Auto               ; Auto               ;
; Safe State Machine                                                         ; Off                ; Off                ;
; Extract Verilog State Machines                                             ; On                 ; On                 ;
; Extract VHDL State Machines                                                ; On                 ; On                 ;
; Ignore Verilog initial constructs                                          ; Off                ; Off                ;
; Iteration limit for constant Verilog loops                                 ; 5000               ; 5000               ;
; Iteration limit for non-constant Verilog loops                             ; 250                ; 250                ;
; Add Pass-Through Logic to Inferred RAMs                                    ; On                 ; On                 ;
; Infer RAMs from Raw Logic                                                  ; On                 ; On                 ;
; Parallel Synthesis                                                         ; On                 ; On                 ;
; DSP Block Balancing                                                        ; Auto               ; Auto               ;
; NOT Gate Push-Back                                                         ; On                 ; On                 ;
; Power-Up Don't Care                                                        ; On                 ; On                 ;
; Remove Redundant Logic Cells                                               ; Off                ; Off                ;
; Remove Duplicate Registers                                                 ; On                 ; On                 ;
; Ignore CARRY Buffers                                                       ; Off                ; Off                ;
; Ignore CASCADE Buffers                                                     ; Off                ; Off                ;
; Ignore GLOBAL Buffers                                                      ; Off                ; Off                ;
; Ignore ROW GLOBAL Buffers                                                  ; Off                ; Off                ;
; Ignore LCELL Buffers                                                       ; Off                ; Off                ;
; Ignore SOFT Buffers                                                        ; On                 ; On                 ;
; Limit AHDL Integers to 32 Bits                                             ; Off                ; Off                ;
; Optimization Technique                                                     ; Balanced           ; Balanced           ;
; Carry Chain Length                                                         ; 70                 ; 70                 ;
; Auto Carry Chains                                                          ; On                 ; On                 ;
; Auto Open-Drain Pins                                                       ; On                 ; On                 ;
; Perform WYSIWYG Primitive Resynthesis                                      ; Off                ; Off                ;
; Auto ROM Replacement                                                       ; On                 ; On                 ;
; Auto RAM Replacement                                                       ; On                 ; On                 ;
; Auto DSP Block Replacement                                                 ; On                 ; On                 ;
; Auto Shift Register Replacement                                            ; Auto               ; Auto               ;
; Allow Shift Register Merging across Hierarchies                            ; Auto               ; Auto               ;
; Auto Clock Enable Replacement                                              ; On                 ; On                 ;
; Strict RAM Replacement                                                     ; Off                ; Off                ;
; Allow Synchronous Control Signals                                          ; On                 ; On                 ;
; Force Use of Synchronous Clear Signals                                     ; Off                ; Off                ;
; Auto RAM Block Balancing                                                   ; On                 ; On                 ;
; Auto RAM to Logic Cell Conversion                                          ; Off                ; Off                ;
; Auto Resource Sharing                                                      ; Off                ; Off                ;
; Allow Any RAM Size For Recognition                                         ; Off                ; Off                ;
; Allow Any ROM Size For Recognition                                         ; Off                ; Off                ;
; Allow Any Shift Register Size For Recognition                              ; Off                ; Off                ;
; Use LogicLock Constraints during Resource Balancing                        ; On                 ; On                 ;
; Ignore translate_off and synthesis_off directives                          ; Off                ; Off                ;
; Timing-Driven Synthesis                                                    ; On                 ; On                 ;
; Report Parameter Settings                                                  ; On                 ; On                 ;
; Report Source Assignments                                                  ; On                 ; On                 ;
; Report Connectivity Checks                                                 ; On                 ; On                 ;
; Ignore Maximum Fan-Out Assignments                                         ; Off                ; Off                ;
; Synchronization Register Chain Length                                      ; 2                  ; 2                  ;
; PowerPlay Power Optimization                                               ; Normal compilation ; Normal compilation ;
; HDL message level                                                          ; Level2             ; Level2             ;
; Suppress Register Optimization Related Messages                            ; Off                ; Off                ;
; Number of Removed Registers Reported in Synthesis Report                   ; 5000               ; 5000               ;
; Number of Swept Nodes Reported in Synthesis Report                         ; 5000               ; 5000               ;
; Number of Inverted Registers Reported in Synthesis Report                  ; 100                ; 100                ;
; Clock MUX Protection                                                       ; On                 ; On                 ;
; Auto Gated Clock Conversion                                                ; Off                ; Off                ;
; Block Design Naming                                                        ; Auto               ; Auto               ;
; SDC constraint protection                                                  ; Off                ; Off                ;
; Synthesis Effort                                                           ; Auto               ; Auto               ;
; Shift Register Replacement - Allow Asynchronous Clear Signal               ; On                 ; On                 ;
; Pre-Mapping Resynthesis Optimization                                       ; Off                ; Off                ;
; Analysis & Synthesis Message Level                                         ; Medium             ; Medium             ;
; Disable Register Merging Across Hierarchies                                ; Auto               ; Auto               ;
; Resource Aware Inference For Block RAM                                     ; On                 ; On                 ;
; Synthesis Seed                                                             ; 1                  ; 1                  ;
+----------------------------------------------------------------------------+--------------------+--------------------+


Parallel compilation was disabled, but you have multiple processors available. Enable parallel compilation to reduce compilation time.
+-------------------------------------+
; Parallel Compilation                ;
+----------------------------+--------+
; Processors                 ; Number ;
+----------------------------+--------+
; Number detected on machine ; 4      ;
; Maximum allowed            ; 1      ;
+----------------------------+--------+


+-------------------------------------------------------------------------------------------------------------------------------------+
; Analysis & Synthesis Source Files Read                                                                                              ;
+----------------------------------+-----------------+-----------------+----------------------------------------------------+---------+
; File Name with User-Entered Path ; Used in Netlist ; File Type       ; File Name with Absolute Path                       ; Library ;
+----------------------------------+-----------------+-----------------+----------------------------------------------------+---------+
; ../Ch8_Codes/top_calc.vhd        ; yes             ; User VHDL File  ; D:/School/CEG/CEG3155/Lab5/Ch8_Codes/top_calc.vhd  ;         ;
; ../Ch8_Codes/reg8bits.vhd        ; yes             ; User VHDL File  ; D:/School/CEG/CEG3155/Lab5/Ch8_Codes/reg8bits.vhd  ;         ;
; ../Ch8_Codes/reg4bits.vhd        ; yes             ; User VHDL File  ; D:/School/CEG/CEG3155/Lab5/Ch8_Codes/reg4bits.vhd  ;         ;
; ../Ch8_Codes/mux4x1.vhd          ; yes             ; User VHDL File  ; D:/School/CEG/CEG3155/Lab5/Ch8_Codes/mux4x1.vhd    ;         ;
; ../Ch8_Codes/FSMctrl.vhd         ; yes             ; User VHDL File  ; D:/School/CEG/CEG3155/Lab5/Ch8_Codes/FSMctrl.vhd   ;         ;
; ../Ch8_Codes/Decod7seg.vhd       ; yes             ; User VHDL File  ; D:/School/CEG/CEG3155/Lab5/Ch8_Codes/Decod7seg.vhd ;         ;
; ../Ch8_Codes/c4.vhd              ; yes             ; User VHDL File  ; D:/School/CEG/CEG3155/Lab5/Ch8_Codes/c4.vhd        ;         ;
; ../Ch8_Codes/c3.vhd              ; yes             ; User VHDL File  ; D:/School/CEG/CEG3155/Lab5/Ch8_Codes/c3.vhd        ;         ;
; ../Ch8_Codes/c2.vhd              ; yes             ; User VHDL File  ; D:/School/CEG/CEG3155/Lab5/Ch8_Codes/c2.vhd        ;         ;
; ../Ch8_Codes/c1.vhd              ; yes             ; User VHDL File  ; D:/School/CEG/CEG3155/Lab5/Ch8_Codes/c1.vhd        ;         ;
+----------------------------------+-----------------+-----------------+----------------------------------------------------+---------+


+--------------------------------------------------------------+
; Analysis & Synthesis Resource Usage Summary                  ;
+---------------------------------------------+----------------+
; Resource                                    ; Usage          ;
+---------------------------------------------+----------------+
; Estimated Total logic elements              ; 69             ;
;                                             ;                ;
; Total combinational functions               ; 53             ;
; Logic element usage by number of LUT inputs ;                ;
;     -- 4 input functions                    ; 36             ;
;     -- 3 input functions                    ; 12             ;
;     -- <=2 input functions                  ; 5              ;
;                                             ;                ;
; Logic elements by mode                      ;                ;
;     -- normal mode                          ; 46             ;
;     -- arithmetic mode                      ; 7              ;
;                                             ;                ;
; Total registers                             ; 32             ;
;     -- Dedicated logic registers            ; 32             ;
;     -- I/O registers                        ; 0              ;
;                                             ;                ;
; I/O pins                                    ; 73             ;
; Embedded Multiplier 9-bit elements          ; 0              ;
; Maximum fan-out node                        ; CLOCK_50~input ;
; Maximum fan-out                             ; 32             ;
; Total fan-out                               ; 413            ;
; Average fan-out                             ; 1.79           ;
+---------------------------------------------+----------------+


+---------------------------------------------------------------------------------------------------------------------------------------------------------------------------------+
; Analysis & Synthesis Resource Utilization by Entity                                                                                                                             ;
+----------------------------+-------------------+--------------+-------------+--------------+---------+-----------+------+--------------+-------------------------+--------------+
; Compilation Hierarchy Node ; LC Combinationals ; LC Registers ; Memory Bits ; DSP Elements ; DSP 9x9 ; DSP 18x18 ; Pins ; Virtual Pins ; Full Hierarchy Name     ; Library Name ;
+----------------------------+-------------------+--------------+-------------+--------------+---------+-----------+------+--------------+-------------------------+--------------+
; |top_calc                  ; 53 (0)            ; 32 (0)       ; 0           ; 0            ; 0       ; 0         ; 73   ; 0            ; |top_calc               ; work         ;
;    |C1:L2|                 ; 8 (8)             ; 0 (0)        ; 0           ; 0            ; 0       ; 0         ; 0    ; 0            ; |top_calc|C1:L2         ; work         ;
;    |D_4FF:L7|              ; 0 (0)             ; 4 (4)        ; 0           ; 0            ; 0       ; 0         ; 0    ; 0            ; |top_calc|D_4FF:L7      ; work         ;
;    |D_4FF:L8|              ; 0 (0)             ; 4 (4)        ; 0           ; 0            ; 0       ; 0         ; 0    ; 0            ; |top_calc|D_4FF:L8      ; work         ;
;    |D_8FF:L1|              ; 0 (0)             ; 8 (8)        ; 0           ; 0            ; 0       ; 0         ; 0    ; 0            ; |top_calc|D_8FF:L1      ; work         ;
;    |D_8FF:L9|              ; 0 (0)             ; 8 (8)        ; 0           ; 0            ; 0       ; 0         ; 0    ; 0            ; |top_calc|D_8FF:L9      ; work         ;
;    |Decod7seg:L10|         ; 7 (7)             ; 0 (0)        ; 0           ; 0            ; 0       ; 0         ; 0    ; 0            ; |top_calc|Decod7seg:L10 ; work         ;
;    |Decod7seg:L11|         ; 7 (7)             ; 0 (0)        ; 0           ; 0            ; 0       ; 0         ; 0    ; 0            ; |top_calc|Decod7seg:L11 ; work         ;
;    |FSMctrl:L0|            ; 15 (15)           ; 8 (8)        ; 0           ; 0            ; 0       ; 0         ; 0    ; 0            ; |top_calc|FSMctrl:L0    ; work         ;
;    |mux4x1:L6|             ; 16 (16)           ; 0 (0)        ; 0           ; 0            ; 0       ; 0         ; 0    ; 0            ; |top_calc|mux4x1:L6     ; work         ;
+----------------------------+-------------------+--------------+-------------+--------------+---------+-----------+------+--------------+-------------------------+--------------+
Note: For table entries with two numbers listed, the numbers in parentheses indicate the number of resources of the given type used by the specific entity alone. The numbers listed outside of parentheses indicate the total resources of the given type used by the specific entity and all of its sub-entities in the hierarchy.


Encoding Type:  One-Hot
+-----------------------------------------------------------------------+
; State Machine - |top_calc|FSMctrl:L0|EA                               ;
+-------+-------+-------+-------+-------+-------+-------+-------+-------+
; Name  ; EA.S7 ; EA.S6 ; EA.S5 ; EA.S4 ; EA.S3 ; EA.S2 ; EA.S1 ; EA.S0 ;
+-------+-------+-------+-------+-------+-------+-------+-------+-------+
; EA.S0 ; 0     ; 0     ; 0     ; 0     ; 0     ; 0     ; 0     ; 0     ;
; EA.S1 ; 0     ; 0     ; 0     ; 0     ; 0     ; 0     ; 1     ; 1     ;
; EA.S2 ; 0     ; 0     ; 0     ; 0     ; 0     ; 1     ; 0     ; 1     ;
; EA.S3 ; 0     ; 0     ; 0     ; 0     ; 1     ; 0     ; 0     ; 1     ;
; EA.S4 ; 0     ; 0     ; 0     ; 1     ; 0     ; 0     ; 0     ; 1     ;
; EA.S5 ; 0     ; 0     ; 1     ; 0     ; 0     ; 0     ; 0     ; 1     ;
; EA.S6 ; 0     ; 1     ; 0     ; 0     ; 0     ; 0     ; 0     ; 1     ;
; EA.S7 ; 1     ; 0     ; 0     ; 0     ; 0     ; 0     ; 0     ; 1     ;
+-------+-------+-------+-------+-------+-------+-------+-------+-------+


+---------------------------------------------------------------------------------------------------+
; User-Specified and Inferred Latches                                                               ;
+----------------------------------------------------+---------------------+------------------------+
; Latch Name                                         ; Latch Enable Signal ; Free of Timing Hazards ;
+----------------------------------------------------+---------------------+------------------------+
; FSMctrl:L0|Selection[0]                            ; FSMctrl:L0|EA.S7    ; yes                    ;
; FSMctrl:L0|Selection[1]                            ; FSMctrl:L0|EA.S7    ; yes                    ;
; Number of user-specified and inferred latches = 2  ;                     ;                        ;
+----------------------------------------------------+---------------------+------------------------+
Note: All latches listed above may not be present at the end of synthesis due to various synthesis optimizations.


+------------------------------------------------------+
; General Register Statistics                          ;
+----------------------------------------------+-------+
; Statistic                                    ; Value ;
+----------------------------------------------+-------+
; Total registers                              ; 32    ;
; Number of registers using Synchronous Clear  ; 0     ;
; Number of registers using Synchronous Load   ; 0     ;
; Number of registers using Asynchronous Clear ; 32    ;
; Number of registers using Asynchronous Load  ; 0     ;
; Number of registers using Clock Enable       ; 24    ;
; Number of registers using Preset             ; 0     ;
+----------------------------------------------+-------+


+------------------------------------------------------------------------------------------------------------------------------------------+
; Multiplexer Restructuring Statistics (Restructuring Performed)                                                                           ;
+--------------------+-----------+---------------+----------------------+------------------------+------------+----------------------------+
; Multiplexer Inputs ; Bus Width ; Baseline Area ; Area if Restructured ; Saving if Restructured ; Registered ; Example Multiplexer Output ;
+--------------------+-----------+---------------+----------------------+------------------------+------------+----------------------------+
; 4:1                ; 7 bits    ; 14 LEs        ; 14 LEs               ; 0 LEs                  ; No         ; |top_calc|mux4x1:L6|m[6]   ;
+--------------------+-----------+---------------+----------------------+------------------------+------------+----------------------------+


+-------------------------------+
; Elapsed Time Per Partition    ;
+----------------+--------------+
; Partition Name ; Elapsed Time ;
+----------------+--------------+
; Top            ; 00:00:00     ;
+----------------+--------------+


+-------------------------------+
; Analysis & Synthesis Messages ;
+-------------------------------+
Info: *******************************************************************
Info: Running Quartus II 32-bit Analysis & Synthesis
    Info: Version 13.0.1 Build 232 06/12/2013 Service Pack 1 SJ Web Edition
    Info: Processing started: Mon Nov 18 15:07:16 2019
Info: Command: quartus_map --read_settings_files=on --write_settings_files=off top_calc -c top_calc
Warning (20028): Parallel compilation is not licensed and has been disabled
Info (12021): Found 2 design units, including 1 entities, in source file /school/ceg/ceg3155/lab5/ch8_codes/top_calc.vhd
    Info (12022): Found design unit 1: top_calc-top_stru
    Info (12023): Found entity 1: top_calc
Info (12021): Found 2 design units, including 1 entities, in source file /school/ceg/ceg3155/lab5/ch8_codes/shiftregr.vhd
    Info (12022): Found design unit 1: shiftregR-rtl
    Info (12023): Found entity 1: shiftregR
Info (12021): Found 2 design units, including 1 entities, in source file /school/ceg/ceg3155/lab5/ch8_codes/shiftreg.vhd
    Info (12022): Found design unit 1: shiftreg-rtl
    Info (12023): Found entity 1: shiftreg
Info (12021): Found 2 design units, including 1 entities, in source file /school/ceg/ceg3155/lab5/ch8_codes/reg8bits.vhd
    Info (12022): Found design unit 1: D_8FF-behv
    Info (12023): Found entity 1: D_8FF
Info (12021): Found 2 design units, including 1 entities, in source file /school/ceg/ceg3155/lab5/ch8_codes/reg4bits.vhd
    Info (12022): Found design unit 1: D_4FF-behv
    Info (12023): Found entity 1: D_4FF
Info (12021): Found 2 design units, including 1 entities, in source file /school/ceg/ceg3155/lab5/ch8_codes/mux4x1.vhd
    Info (12022): Found design unit 1: mux4x1-mux_stru
    Info (12023): Found entity 1: mux4x1
Info (12021): Found 2 design units, including 1 entities, in source file /school/ceg/ceg3155/lab5/ch8_codes/fsmctrl.vhd
    Info (12022): Found design unit 1: FSMctrl-FSM_beh
    Info (12023): Found entity 1: FSMctrl
Info (12021): Found 2 design units, including 1 entities, in source file /school/ceg/ceg3155/lab5/ch8_codes/decod7seg.vhd
    Info (12022): Found design unit 1: Decod7seg-Decod7seg_stru
    Info (12023): Found entity 1: Decod7seg
Info (12021): Found 2 design units, including 1 entities, in source file /school/ceg/ceg3155/lab5/ch8_codes/c4.vhd
    Info (12022): Found design unit 1: C4-c4_stru
    Info (12023): Found entity 1: C4
Info (12021): Found 2 design units, including 1 entities, in source file /school/ceg/ceg3155/lab5/ch8_codes/c3.vhd
    Info (12022): Found design unit 1: C3-c3_estr
    Info (12023): Found entity 1: C3
Info (12021): Found 2 design units, including 1 entities, in source file /school/ceg/ceg3155/lab5/ch8_codes/c2.vhd
    Info (12022): Found design unit 1: C2-c2_estr
    Info (12023): Found entity 1: C2
Info (12021): Found 2 design units, including 1 entities, in source file /school/ceg/ceg3155/lab5/ch8_codes/c1.vhd
    Info (12022): Found design unit 1: C1-c1_estr
    Info (12023): Found entity 1: C1
Info (12127): Elaborating entity "top_calc" for the top level hierarchy
Warning (10873): Using initial value X (don't care) for net "LEDR[17..8]" at top_calc.vhd(10)
Warning (10873): Using initial value X (don't care) for net "LEDG[17..8]" at top_calc.vhd(11)
Info (12128): Elaborating entity "FSMctrl" for hierarchy "FSMctrl:L0"
Warning (10492): VHDL Process Statement warning at FSMctrl.vhd(45): signal "Operation" is read inside the Process Statement but isn't in the Process Statement's sensitivity list
Warning (10492): VHDL Process Statement warning at FSMctrl.vhd(50): signal "Operation" is read inside the Process Statement but isn't in the Process Statement's sensitivity list
Warning (10492): VHDL Process Statement warning at FSMctrl.vhd(52): signal "Operation" is read inside the Process Statement but isn't in the Process Statement's sensitivity list
Warning (10492): VHDL Process Statement warning at FSMctrl.vhd(54): signal "Operation" is read inside the Process Statement but isn't in the Process Statement's sensitivity list
Warning (10492): VHDL Process Statement warning at FSMctrl.vhd(56): signal "Operation" is read inside the Process Statement but isn't in the Process Statement's sensitivity list
Warning (10631): VHDL Process Statement warning at FSMctrl.vhd(25): inferring latch(es) for signal or variable "Selection", which holds its previous value in one or more paths through the process
Info (10041): Inferred latch for "Selection[0]" at FSMctrl.vhd(25)
Info (10041): Inferred latch for "Selection[1]" at FSMctrl.vhd(25)
Info (12128): Elaborating entity "D_8FF" for hierarchy "D_8FF:L1"
Warning (10492): VHDL Process Statement warning at reg8bits.vhd(18): signal "RST" is read inside the Process Statement but isn't in the Process Statement's sensitivity list
Info (12128): Elaborating entity "C1" for hierarchy "C1:L2"
Info (12128): Elaborating entity "C2" for hierarchy "C2:L3"
Info (12128): Elaborating entity "C3" for hierarchy "C3:L4"
Info (12128): Elaborating entity "C4" for hierarchy "C4:L5"
Info (12128): Elaborating entity "mux4x1" for hierarchy "mux4x1:L6"
Info (12128): Elaborating entity "D_4FF" for hierarchy "D_4FF:L7"
Warning (10492): VHDL Process Statement warning at reg4bits.vhd(18): signal "RST" is read inside the Process Statement but isn't in the Process Statement's sensitivity list
Info (12128): Elaborating entity "Decod7seg" for hierarchy "Decod7seg:L10"
Warning (13024): Output pins are stuck at VCC or GND
    Warning (13410): Pin "LEDR[8]" is stuck at GND
    Warning (13410): Pin "LEDR[9]" is stuck at GND
    Warning (13410): Pin "LEDR[10]" is stuck at GND
    Warning (13410): Pin "LEDR[11]" is stuck at GND
    Warning (13410): Pin "LEDR[12]" is stuck at GND
    Warning (13410): Pin "LEDR[13]" is stuck at GND
    Warning (13410): Pin "LEDR[14]" is stuck at GND
    Warning (13410): Pin "LEDR[15]" is stuck at GND
    Warning (13410): Pin "LEDR[16]" is stuck at GND
    Warning (13410): Pin "LEDR[17]" is stuck at GND
    Warning (13410): Pin "LEDG[8]" is stuck at GND
    Warning (13410): Pin "LEDG[9]" is stuck at GND
    Warning (13410): Pin "LEDG[10]" is stuck at GND
    Warning (13410): Pin "LEDG[11]" is stuck at GND
    Warning (13410): Pin "LEDG[12]" is stuck at GND
    Warning (13410): Pin "LEDG[13]" is stuck at GND
    Warning (13410): Pin "LEDG[14]" is stuck at GND
    Warning (13410): Pin "LEDG[15]" is stuck at GND
    Warning (13410): Pin "LEDG[16]" is stuck at GND
    Warning (13410): Pin "LEDG[17]" is stuck at GND
Info (286030): Timing-Driven Synthesis is running
Info (16010): Generating hard_block partition "hard_block:auto_generated_inst"
    Info (16011): Adding 0 node(s), including 0 DDIO, 0 PLL, 0 transceiver and 0 LCELL
Warning (21074): Design contains 10 input pin(s) that do not drive logic
    Warning (15610): No output dependent on input pin "KEY[2]"
    Warning (15610): No output dependent on input pin "KEY[3]"
    Warning (15610): No output dependent on input pin "SW[8]"
    Warning (15610): No output dependent on input pin "SW[9]"
    Warning (15610): No output dependent on input pin "SW[10]"
    Warning (15610): No output dependent on input pin "SW[11]"
    Warning (15610): No output dependent on input pin "SW[12]"
    Warning (15610): No output dependent on input pin "SW[13]"
    Warning (15610): No output dependent on input pin "SW[14]"
    Warning (15610): No output dependent on input pin "SW[15]"
Info (21057): Implemented 150 device resources after synthesis - the final resource count might be different
    Info (21058): Implemented 23 input pins
    Info (21059): Implemented 50 output pins
    Info (21061): Implemented 77 logic cells
Info: Quartus II 32-bit Analysis & Synthesis was successful. 0 errors, 43 warnings
    Info: Peak virtual memory: 391 megabytes
    Info: Processing ended: Mon Nov 18 15:07:22 2019
    Info: Elapsed time: 00:00:06
    Info: Total CPU time (on all processors): 00:00:04


